0 info it worked if it ends with ok
1 verbose cli [ '/usr/bin/node', '/usr/bin/npm', 'run', 'webpack' ]
2 info using npm@3.10.10
3 info using node@v6.12.3
4 verbose run-script [ 'prewebpack', 'webpack', 'postwebpack' ]
5 info lifecycle react-boilerplate@1.0.0~prewebpack: react-boilerplate@1.0.0
6 silly lifecycle react-boilerplate@1.0.0~prewebpack: no script for prewebpack, continuing
7 info lifecycle react-boilerplate@1.0.0~webpack: react-boilerplate@1.0.0
8 verbose lifecycle react-boilerplate@1.0.0~webpack: unsafe-perm in lifecycle true
9 verbose lifecycle react-boilerplate@1.0.0~webpack: PATH: /usr/lib/node_modules/npm/bin/node-gyp-bin:/home/daktari/Andela/javascript/react_js/react_tutorial/node_modules/.bin:/home/daktari/.rvm/gems/ruby-2.4.1/bin:/home/daktari/.rvm/gems/ruby-2.4.1@global/bin:/home/daktari/.rvm/rubies/ruby-2.4.1/bin:/usr/local/sbin:/usr/local/bin:/usr/sbin:/usr/bin:/sbin:/bin:/usr/games:/usr/local/games:/snap/bin:/home/daktari/.rvm/bin:/home/daktari/.rvm/bin:/home/daktari/.rvm/bin:/home/daktari/.rvm/bin
10 verbose lifecycle react-boilerplate@1.0.0~webpack: CWD: /home/daktari/Andela/javascript/react_js/react_tutorial
11 silly lifecycle react-boilerplate@1.0.0~webpack: Args: [ '-c', 'webpack' ]
12 silly lifecycle react-boilerplate@1.0.0~webpack: Returned: code: 2  signal: null
13 info lifecycle react-boilerplate@1.0.0~webpack: Failed to exec webpack script
14 verbose stack Error: react-boilerplate@1.0.0 webpack: `webpack`
14 verbose stack Exit status 2
14 verbose stack     at EventEmitter.<anonymous> (/usr/lib/node_modules/npm/lib/utils/lifecycle.js:255:16)
14 verbose stack     at emitTwo (events.js:106:13)
14 verbose stack     at EventEmitter.emit (events.js:191:7)
14 verbose stack     at ChildProcess.<anonymous> (/usr/lib/node_modules/npm/lib/utils/spawn.js:40:14)
14 verbose stack     at emitTwo (events.js:106:13)
14 verbose stack     at ChildProcess.emit (events.js:191:7)
14 verbose stack     at maybeClose (internal/child_process.js:920:16)
14 verbose stack     at Process.ChildProcess._handle.onexit (internal/child_process.js:230:5)
15 verbose pkgid react-boilerplate@1.0.0
16 verbose cwd /home/daktari/Andela/javascript/react_js/react_tutorial
17 error Linux 4.4.0-112-generic
18 error argv "/usr/bin/node" "/usr/bin/npm" "run" "webpack"
19 error node v6.12.3
20 error npm  v3.10.10
21 error code ELIFECYCLE
22 error react-boilerplate@1.0.0 webpack: `webpack`
22 error Exit status 2
23 error Failed at the react-boilerplate@1.0.0 webpack script 'webpack'.
23 error Make sure you have the latest version of node.js and npm installed.
23 error If you do, this is most likely a problem with the react-boilerplate package,
23 error not with npm itself.
23 error Tell the author that this fails on your system:
23 error     webpack
23 error You can get information on how to open an issue for this project with:
23 error     npm bugs react-boilerplate
23 error Or if that isn't available, you can get their info via:
23 error     npm owner ls react-boilerplate
23 error There is likely additional logging output above.
24 verbose exit [ 1, true ]
